  equation.cpp
C:\Users\Vayun Mathur\OneDrive\Documents\code\c++\MathAndScience\equation.h(16,21): warning C4018: '<': signed/unsigned mismatch
C:\Users\Vayun Mathur\OneDrive\Documents\code\c++\MathAndScience\equation.h(24,21): warning C4018: '<': signed/unsigned mismatch
C:\Users\Vayun Mathur\OneDrive\Documents\code\c++\MathAndScience\equation.h(28,21): warning C4018: '<': signed/unsigned mismatch
C:\Users\Vayun Mathur\OneDrive\Documents\code\c++\MathAndScience\equation.h(32,21): warning C4018: '<': signed/unsigned mismatch
C:\Users\Vayun Mathur\OneDrive\Documents\code\c++\MathAndScience\equation.h(41,21): warning C4018: '<': signed/unsigned mismatch
C:\Users\Vayun Mathur\OneDrive\Documents\code\c++\MathAndScience\equation.h(55,22): warning C4018: '<': signed/unsigned mismatch
C:\Users\Vayun Mathur\OneDrive\Documents\code\c++\MathAndScience\equation.h(58,37): warning C4244: '=': conversion from 'int' to 'float', possible loss of data
C:\Users\Vayun Mathur\OneDrive\Documents\code\c++\MathAndScience\equation.h(61,22): warning C4018: '<': signed/unsigned mismatch
C:\Users\Vayun Mathur\OneDrive\Documents\code\c++\MathAndScience\equation.h(64,51): warning C4244: '=': conversion from 'int' to 'float', possible loss of data
C:\Users\Vayun Mathur\OneDrive\Documents\code\c++\MathAndScience\equation.h(75,26): warning C4244: 'argument': conversion from 'int' to 'float', possible loss of data
C:\Users\Vayun Mathur\OneDrive\Documents\code\c++\MathAndScience\equation.h(83,24): warning C4018: '<': signed/unsigned mismatch
C:\Users\Vayun Mathur\OneDrive\Documents\code\c++\MathAndScience\equation.h(84,28): warning C4244: '=': conversion from 'float' to 'int', possible loss of data
C:\Users\Vayun Mathur\OneDrive\Documents\code\c++\MathAndScience\equation.h(86,24): warning C4018: '<': signed/unsigned mismatch
C:\Users\Vayun Mathur\OneDrive\Documents\code\c++\MathAndScience\equation.h(87,29): warning C4244: '=': conversion from 'float' to 'int', possible loss of data
C:\Users\Vayun Mathur\OneDrive\Documents\code\c++\MathAndScience\equation.cpp(46,20): warning C4018: '<': signed/unsigned mismatch
C:\Users\Vayun Mathur\OneDrive\Documents\code\c++\MathAndScience\equation.cpp(58,20): warning C4018: '<': signed/unsigned mismatch
C:\Users\Vayun Mathur\OneDrive\Documents\code\c++\MathAndScience\vector.h(116,1): warning C4244: '+=': conversion from 'double' to 'float', possible loss of data
C:\Users\Vayun Mathur\OneDrive\Documents\code\c++\MathAndScience\vector.h(114): message : while compiling class template member function 'void augmented_matrix<10,4>::combine_rows(int,int,double)'
C:\Users\Vayun Mathur\OneDrive\Documents\code\c++\MathAndScience\vector.h(151): message : see reference to function template instantiation 'void augmented_matrix<10,4>::combine_rows(int,int,double)' being compiled
C:\Users\Vayun Mathur\OneDrive\Documents\code\c++\MathAndScience\equation.h(68): message : see reference to class template instantiation 'augmented_matrix<10,4>' being compiled
C:\Users\Vayun Mathur\OneDrive\Documents\code\c++\MathAndScience\vector.h(118,1): warning C4244: '+=': conversion from 'double' to 'float', possible loss of data
C:\Users\Vayun Mathur\OneDrive\Documents\code\c++\MathAndScience\vector.h(109,1): warning C4244: '*=': conversion from 'double' to 'float', possible loss of data
C:\Users\Vayun Mathur\OneDrive\Documents\code\c++\MathAndScience\vector.h(107): message : while compiling class template member function 'void augmented_matrix<10,4>::scale_row(int,double)'
C:\Users\Vayun Mathur\OneDrive\Documents\code\c++\MathAndScience\vector.h(134): message : see reference to function template instantiation 'void augmented_matrix<10,4>::scale_row(int,double)' being compiled
C:\Users\Vayun Mathur\OneDrive\Documents\code\c++\MathAndScience\vector.h(111,1): warning C4244: '*=': conversion from 'double' to 'float', possible loss of data
  main.cpp
C:\Users\Vayun Mathur\OneDrive\Documents\code\c++\MathAndScience\equation.h(16,21): warning C4018: '<': signed/unsigned mismatch
C:\Users\Vayun Mathur\OneDrive\Documents\code\c++\MathAndScience\equation.h(24,21): warning C4018: '<': signed/unsigned mismatch
C:\Users\Vayun Mathur\OneDrive\Documents\code\c++\MathAndScience\equation.h(28,21): warning C4018: '<': signed/unsigned mismatch
C:\Users\Vayun Mathur\OneDrive\Documents\code\c++\MathAndScience\equation.h(32,21): warning C4018: '<': signed/unsigned mismatch
C:\Users\Vayun Mathur\OneDrive\Documents\code\c++\MathAndScience\equation.h(41,21): warning C4018: '<': signed/unsigned mismatch
C:\Users\Vayun Mathur\OneDrive\Documents\code\c++\MathAndScience\equation.h(55,22): warning C4018: '<': signed/unsigned mismatch
C:\Users\Vayun Mathur\OneDrive\Documents\code\c++\MathAndScience\equation.h(58,37): warning C4244: '=': conversion from 'int' to 'float', possible loss of data
C:\Users\Vayun Mathur\OneDrive\Documents\code\c++\MathAndScience\equation.h(61,22): warning C4018: '<': signed/unsigned mismatch
C:\Users\Vayun Mathur\OneDrive\Documents\code\c++\MathAndScience\equation.h(64,51): warning C4244: '=': conversion from 'int' to 'float', possible loss of data
C:\Users\Vayun Mathur\OneDrive\Documents\code\c++\MathAndScience\equation.h(75,26): warning C4244: 'argument': conversion from 'int' to 'float', possible loss of data
C:\Users\Vayun Mathur\OneDrive\Documents\code\c++\MathAndScience\equation.h(83,24): warning C4018: '<': signed/unsigned mismatch
C:\Users\Vayun Mathur\OneDrive\Documents\code\c++\MathAndScience\equation.h(84,28): warning C4244: '=': conversion from 'float' to 'int', possible loss of data
C:\Users\Vayun Mathur\OneDrive\Documents\code\c++\MathAndScience\equation.h(86,24): warning C4018: '<': signed/unsigned mismatch
C:\Users\Vayun Mathur\OneDrive\Documents\code\c++\MathAndScience\equation.h(87,29): warning C4244: '=': conversion from 'float' to 'int', possible loss of data
C:\Users\Vayun Mathur\OneDrive\Documents\code\c++\MathAndScience\vector.h(116,1): warning C4244: '+=': conversion from 'double' to 'float', possible loss of data
C:\Users\Vayun Mathur\OneDrive\Documents\code\c++\MathAndScience\vector.h(114): message : while compiling class template member function 'void augmented_matrix<10,4>::combine_rows(int,int,double)'
C:\Users\Vayun Mathur\OneDrive\Documents\code\c++\MathAndScience\vector.h(151): message : see reference to function template instantiation 'void augmented_matrix<10,4>::combine_rows(int,int,double)' being compiled
C:\Users\Vayun Mathur\OneDrive\Documents\code\c++\MathAndScience\equation.h(68): message : see reference to class template instantiation 'augmented_matrix<10,4>' being compiled
C:\Users\Vayun Mathur\OneDrive\Documents\code\c++\MathAndScience\vector.h(118,1): warning C4244: '+=': conversion from 'double' to 'float', possible loss of data
C:\Users\Vayun Mathur\OneDrive\Documents\code\c++\MathAndScience\vector.h(109,1): warning C4244: '*=': conversion from 'double' to 'float', possible loss of data
C:\Users\Vayun Mathur\OneDrive\Documents\code\c++\MathAndScience\vector.h(107): message : while compiling class template member function 'void augmented_matrix<10,4>::scale_row(int,double)'
C:\Users\Vayun Mathur\OneDrive\Documents\code\c++\MathAndScience\vector.h(134): message : see reference to function template instantiation 'void augmented_matrix<10,4>::scale_row(int,double)' being compiled
C:\Users\Vayun Mathur\OneDrive\Documents\code\c++\MathAndScience\vector.h(111,1): warning C4244: '*=': conversion from 'double' to 'float', possible loss of data
  Generating Code...
  MathAndScience.vcxproj -> C:\Users\Vayun Mathur\OneDrive\Documents\code\c++\MathAndScience\Debug\MathAndScience.exe
